<?xml version="1.0" encoding="UTF-8"?>
<!-- Generated by org.testng.reporters.JUnitReportReporter -->
<testsuite skipped="0" hostname="DESKTOP-PBKFE78" name="tests.LoginTests" tests="1" failures="0" timestamp="20 Apr 2017 08:33:40 GMT" time="24.835" errors="0">
  <testcase name="testcase02" time="24.835" classname="tests.LoginTests"/>
</testsuite> <!-- tests.LoginTests -->
