<?xml version="1.0" encoding="UTF-8"?>
<!-- Generated by org.testng.reporters.JUnitReportReporter -->
<testsuite hostname="DESKTOP-PBKFE78" name="tests.LoginTests" tests="1" failures="0" timestamp="20 Apr 2017 19:26:56 GMT" time="24.134" errors="0">
  <testcase name="testcase02" time="24.134" classname="tests.LoginTests"/>
</testsuite> <!-- tests.LoginTests -->
